<?xml version="1.0" encoding="UTF-8"?>
<!-- Generated by org.testng.reporters.JUnitReportReporter -->
<testsuite skipped="0" hostname="LAPTOP-Q5FG0PLV" name="runners.TestRunner" tests="2" failures="0" timestamp="18 Jan 2023 21:13:53 GMT" time="0.104" errors="0">
  <testcase name="runScenario" time="0.103" classname="runners.TestRunner"/>
  <testcase name="runScenario" time="0.001" classname="runners.TestRunner"/>
</testsuite> <!-- runners.TestRunner -->
